Traceback (most recent call last):
  File "/sdf/group/beamphysics/jytang/genesis/CBXFEL/cavity_codes/dfl_cbxfel_stats.py", line 551, in <module>
Traceback (most recent call last):
  File "/sdf/group/beamphysics/jytang/genesis/CBXFEL/cavity_codes/dfl_cbxfel_stats.py", line 551, in <module>
Traceback (most recent call last):
  File "/sdf/group/beamphysics/jytang/genesis/CBXFEL/cavity_codes/dfl_cbxfel_stats.py", line 551, in <module>
Traceback (most recent call last):
  File "/sdf/group/beamphysics/jytang/genesis/CBXFEL/cavity_codes/dfl_cbxfel_stats.py", line 551, in <module>
Traceback (most recent call last):
  File "/sdf/group/beamphysics/jytang/genesis/CBXFEL/cavity_codes/dfl_cbxfel_stats.py", line 551, in <module>
Traceback (most recent call last):
  File "/sdf/group/beamphysics/jytang/genesis/CBXFEL/cavity_codes/dfl_cbxfel_stats.py", line 551, in <module>
Traceback (most recent call last):
  File "/sdf/group/beamphysics/jytang/genesis/CBXFEL/cavity_codes/dfl_cbxfel_stats.py", line 551, in <module>
Traceback (most recent call last):
  File "/sdf/group/beamphysics/jytang/genesis/CBXFEL/cavity_codes/dfl_cbxfel_stats.py", line 551, in <module>
Traceback (most recent call last):
  File "/sdf/group/beamphysics/jytang/genesis/CBXFEL/cavity_codes/dfl_cbxfel_stats.py", line 551, in <module>
Traceback (most recent call last):
  File "/sdf/group/beamphysics/jytang/genesis/CBXFEL/cavity_codes/dfl_cbxfel_stats.py", line 551, in <module>
Traceback (most recent call last):
  File "/sdf/group/beamphysics/jytang/genesis/CBXFEL/cavity_codes/dfl_cbxfel_stats.py", line 551, in <module>
Traceback (most recent call last):
  File "/sdf/group/beamphysics/jytang/genesis/CBXFEL/cavity_codes/dfl_cbxfel_stats.py", line 551, in <module>
Traceback (most recent call last):
  File "/sdf/group/beamphysics/jytang/genesis/CBXFEL/cavity_codes/dfl_cbxfel_stats.py", line 551, in <module>
Traceback (most recent call last):
  File "/sdf/group/beamphysics/jytang/genesis/CBXFEL/cavity_codes/dfl_cbxfel_stats.py", line 551, in <module>
Traceback (most recent call last):
  File "/sdf/group/beamphysics/jytang/genesis/CBXFEL/cavity_codes/dfl_cbxfel_stats.py", line 551, in <module>
Traceback (most recent call last):
  File "/sdf/group/beamphysics/jytang/genesis/CBXFEL/cavity_codes/dfl_cbxfel_stats.py", line 551, in <module>
Traceback (most recent call last):
  File "/sdf/group/beamphysics/jytang/genesis/CBXFEL/cavity_codes/dfl_cbxfel_stats.py", line 551, in <module>
Traceback (most recent call last):
  File "/sdf/group/beamphysics/jytang/genesis/CBXFEL/cavity_codes/dfl_cbxfel_stats.py", line 551, in <module>
Traceback (most recent call last):
  File "/sdf/group/beamphysics/jytang/genesis/CBXFEL/cavity_codes/dfl_cbxfel_stats.py", line 551, in <module>
Traceback (most recent call last):
  File "/sdf/group/beamphysics/jytang/genesis/CBXFEL/cavity_codes/dfl_cbxfel_stats.py", line 551, in <module>
Traceback (most recent call last):
  File "/sdf/group/beamphysics/jytang/genesis/CBXFEL/cavity_codes/dfl_cbxfel_stats.py", line 551, in <module>
Traceback (most recent call last):
  File "/sdf/group/beamphysics/jytang/genesis/CBXFEL/cavity_codes/dfl_cbxfel_stats.py", line 551, in <module>
Traceback (most recent call last):
  File "/sdf/group/beamphysics/jytang/genesis/CBXFEL/cavity_codes/dfl_cbxfel_stats.py", line 551, in <module>
Traceback (most recent call last):
  File "/sdf/group/beamphysics/jytang/genesis/CBXFEL/cavity_codes/dfl_cbxfel_stats.py", line 551, in <module>
Traceback (most recent call last):
  File "/sdf/group/beamphysics/jytang/genesis/CBXFEL/cavity_codes/dfl_cbxfel_stats.py", line 551, in <module>
Traceback (most recent call last):
  File "/sdf/group/beamphysics/jytang/genesis/CBXFEL/cavity_codes/dfl_cbxfel_stats.py", line 551, in <module>
Traceback (most recent call last):
  File "/sdf/group/beamphysics/jytang/genesis/CBXFEL/cavity_codes/dfl_cbxfel_stats.py", line 551, in <module>
Traceback (most recent call last):
  File "/sdf/group/beamphysics/jytang/genesis/CBXFEL/cavity_codes/dfl_cbxfel_stats.py", line 551, in <module>
Traceback (most recent call last):
  File "/sdf/group/beamphysics/jytang/genesis/CBXFEL/cavity_codes/dfl_cbxfel_stats.py", line 551, in <module>
Traceback (most recent call last):
  File "/sdf/group/beamphysics/jytang/genesis/CBXFEL/cavity_codes/dfl_cbxfel_stats.py", line 551, in <module>
Traceback (most recent call last):
  File "/sdf/group/beamphysics/jytang/genesis/CBXFEL/cavity_codes/dfl_cbxfel_stats.py", line 551, in <module>
Traceback (most recent call last):
  File "/sdf/group/beamphysics/jytang/genesis/CBXFEL/cavity_codes/dfl_cbxfel_stats.py", line 551, in <module>
Traceback (most recent call last):
  File "/sdf/group/beamphysics/jytang/genesis/CBXFEL/cavity_codes/dfl_cbxfel_stats.py", line 551, in <module>
    params_dic = pickle.load( open( "params.p", "rb" ) )        
FileNotFoundError: [Errno 2] No such file or directory: 'params.p'
    params_dic = pickle.load( open( "params.p", "rb" ) )        
FileNotFoundError: [Errno 2] No such file or directory: 'params.p'
    params_dic = pickle.load( open( "params.p", "rb" ) )        
FileNotFoundError: [Errno 2] No such file or directory: 'params.p'
    params_dic = pickle.load( open( "params.p", "rb" ) )        
FileNotFoundError: [Errno 2] No such file or directory: 'params.p'
    params_dic = pickle.load( open( "params.p", "rb" ) )        
FileNotFoundError: [Errno 2] No such file or directory: 'params.p'
Traceback (most recent call last):
  File "/sdf/group/beamphysics/jytang/genesis/CBXFEL/cavity_codes/dfl_cbxfel_stats.py", line 551, in <module>
Traceback (most recent call last):
  File "/sdf/group/beamphysics/jytang/genesis/CBXFEL/cavity_codes/dfl_cbxfel_stats.py", line 551, in <module>
Traceback (most recent call last):
  File "/sdf/group/beamphysics/jytang/genesis/CBXFEL/cavity_codes/dfl_cbxfel_stats.py", line 551, in <module>
Traceback (most recent call last):
  File "/sdf/group/beamphysics/jytang/genesis/CBXFEL/cavity_codes/dfl_cbxfel_stats.py", line 551, in <module>
Traceback (most recent call last):
  File "/sdf/group/beamphysics/jytang/genesis/CBXFEL/cavity_codes/dfl_cbxfel_stats.py", line 551, in <module>
Traceback (most recent call last):
  File "/sdf/group/beamphysics/jytang/genesis/CBXFEL/cavity_codes/dfl_cbxfel_stats.py", line 551, in <module>
Traceback (most recent call last):
  File "/sdf/group/beamphysics/jytang/genesis/CBXFEL/cavity_codes/dfl_cbxfel_stats.py", line 551, in <module>
Traceback (most recent call last):
  File "/sdf/group/beamphysics/jytang/genesis/CBXFEL/cavity_codes/dfl_cbxfel_stats.py", line 551, in <module>
Traceback (most recent call last):
  File "/sdf/group/beamphysics/jytang/genesis/CBXFEL/cavity_codes/dfl_cbxfel_stats.py", line 551, in <module>
Traceback (most recent call last):
  File "/sdf/group/beamphysics/jytang/genesis/CBXFEL/cavity_codes/dfl_cbxfel_stats.py", line 551, in <module>
Traceback (most recent call last):
  File "/sdf/group/beamphysics/jytang/genesis/CBXFEL/cavity_codes/dfl_cbxfel_stats.py", line 551, in <module>
Traceback (most recent call last):
  File "/sdf/group/beamphysics/jytang/genesis/CBXFEL/cavity_codes/dfl_cbxfel_stats.py", line 551, in <module>
Traceback (most recent call last):
  File "/sdf/group/beamphysics/jytang/genesis/CBXFEL/cavity_codes/dfl_cbxfel_stats.py", line 551, in <module>
Traceback (most recent call last):
  File "/sdf/group/beamphysics/jytang/genesis/CBXFEL/cavity_codes/dfl_cbxfel_stats.py", line 551, in <module>
Traceback (most recent call last):
  File "/sdf/group/beamphysics/jytang/genesis/CBXFEL/cavity_codes/dfl_cbxfel_stats.py", line 551, in <module>
Traceback (most recent call last):
  File "/sdf/group/beamphysics/jytang/genesis/CBXFEL/cavity_codes/dfl_cbxfel_stats.py", line 551, in <module>
Traceback (most recent call last):
  File "/sdf/group/beamphysics/jytang/genesis/CBXFEL/cavity_codes/dfl_cbxfel_stats.py", line 551, in <module>
Traceback (most recent call last):
  File "/sdf/group/beamphysics/jytang/genesis/CBXFEL/cavity_codes/dfl_cbxfel_stats.py", line 551, in <module>
Traceback (most recent call last):
  File "/sdf/group/beamphysics/jytang/genesis/CBXFEL/cavity_codes/dfl_cbxfel_stats.py", line 551, in <module>
Traceback (most recent call last):
  File "/sdf/group/beamphysics/jytang/genesis/CBXFEL/cavity_codes/dfl_cbxfel_stats.py", line 551, in <module>
Traceback (most recent call last):
  File "/sdf/group/beamphysics/jytang/genesis/CBXFEL/cavity_codes/dfl_cbxfel_stats.py", line 551, in <module>
    params_dic = pickle.load( open( "params.p", "rb" ) )        
FileNotFoundError: [Errno 2] No such file or directory: 'params.p'
Traceback (most recent call last):
  File "/sdf/group/beamphysics/jytang/genesis/CBXFEL/cavity_codes/dfl_cbxfel_stats.py", line 551, in <module>
Traceback (most recent call last):
  File "/sdf/group/beamphysics/jytang/genesis/CBXFEL/cavity_codes/dfl_cbxfel_stats.py", line 551, in <module>
    params_dic = pickle.load( open( "params.p", "rb" ) )        
FileNotFoundError: [Errno 2] No such file or directory: 'params.p'
Traceback (most recent call last):
  File "/sdf/group/beamphysics/jytang/genesis/CBXFEL/cavity_codes/dfl_cbxfel_stats.py", line 551, in <module>
Traceback (most recent call last):
  File "/sdf/group/beamphysics/jytang/genesis/CBXFEL/cavity_codes/dfl_cbxfel_stats.py", line 551, in <module>
Traceback (most recent call last):
  File "/sdf/group/beamphysics/jytang/genesis/CBXFEL/cavity_codes/dfl_cbxfel_stats.py", line 551, in <module>
Traceback (most recent call last):
  File "/sdf/group/beamphysics/jytang/genesis/CBXFEL/cavity_codes/dfl_cbxfel_stats.py", line 551, in <module>
Traceback (most recent call last):
  File "/sdf/group/beamphysics/jytang/genesis/CBXFEL/cavity_codes/dfl_cbxfel_stats.py", line 551, in <module>
Traceback (most recent call last):
  File "/sdf/group/beamphysics/jytang/genesis/CBXFEL/cavity_codes/dfl_cbxfel_stats.py", line 551, in <module>
Traceback (most recent call last):
  File "/sdf/group/beamphysics/jytang/genesis/CBXFEL/cavity_codes/dfl_cbxfel_stats.py", line 551, in <module>
Traceback (most recent call last):
  File "/sdf/group/beamphysics/jytang/genesis/CBXFEL/cavity_codes/dfl_cbxfel_stats.py", line 551, in <module>
Traceback (most recent call last):
  File "/sdf/group/beamphysics/jytang/genesis/CBXFEL/cavity_codes/dfl_cbxfel_stats.py", line 551, in <module>
    params_dic = pickle.load( open( "params.p", "rb" ) )        
FileNotFoundError: [Errno 2] No such file or directory: 'params.p'
Traceback (most recent call last):
  File "/sdf/group/beamphysics/jytang/genesis/CBXFEL/cavity_codes/dfl_cbxfel_stats.py", line 551, in <module>
    params_dic = pickle.load( open( "params.p", "rb" ) )        
FileNotFoundError: [Errno 2] No such file or directory: 'params.p'
Traceback (most recent call last):
  File "/sdf/group/beamphysics/jytang/genesis/CBXFEL/cavity_codes/dfl_cbxfel_stats.py", line 551, in <module>
Traceback (most recent call last):
  File "/sdf/group/beamphysics/jytang/genesis/CBXFEL/cavity_codes/dfl_cbxfel_stats.py", line 551, in <module>
Traceback (most recent call last):
  File "/sdf/group/beamphysics/jytang/genesis/CBXFEL/cavity_codes/dfl_cbxfel_stats.py", line 551, in <module>
Traceback (most recent call last):
  File "/sdf/group/beamphysics/jytang/genesis/CBXFEL/cavity_codes/dfl_cbxfel_stats.py", line 551, in <module>
Traceback (most recent call last):
  File "/sdf/group/beamphysics/jytang/genesis/CBXFEL/cavity_codes/dfl_cbxfel_stats.py", line 551, in <module>
Traceback (most recent call last):
  File "/sdf/group/beamphysics/jytang/genesis/CBXFEL/cavity_codes/dfl_cbxfel_stats.py", line 551, in <module>
Traceback (most recent call last):
  File "/sdf/group/beamphysics/jytang/genesis/CBXFEL/cavity_codes/dfl_cbxfel_stats.py", line 551, in <module>
    params_dic = pickle.load( open( "params.p", "rb" ) )        
FileNotFoundError: [Errno 2] No such file or directory: 'params.p'
Traceback (most recent call last):
  File "/sdf/group/beamphysics/jytang/genesis/CBXFEL/cavity_codes/dfl_cbxfel_stats.py", line 551, in <module>
Traceback (most recent call last):
  File "/sdf/group/beamphysics/jytang/genesis/CBXFEL/cavity_codes/dfl_cbxfel_stats.py", line 551, in <module>
Traceback (most recent call last):
  File "/sdf/group/beamphysics/jytang/genesis/CBXFEL/cavity_codes/dfl_cbxfel_stats.py", line 551, in <module>
    params_dic = pickle.load( open( "params.p", "rb" ) )        
FileNotFoundError: [Errno 2] No such file or directory: 'params.p'
Traceback (most recent call last):
  File "/sdf/group/beamphysics/jytang/genesis/CBXFEL/cavity_codes/dfl_cbxfel_stats.py", line 551, in <module>
    params_dic = pickle.load( open( "params.p", "rb" ) )        
FileNotFoundError: [Errno 2] No such file or directory: 'params.p'
Traceback (most recent call last):
  File "/sdf/group/beamphysics/jytang/genesis/CBXFEL/cavity_codes/dfl_cbxfel_stats.py", line 551, in <module>
    params_dic = pickle.load( open( "params.p", "rb" ) )        
FileNotFoundError: [Errno 2] No such file or directory: 'params.p'
Traceback (most recent call last):
  File "/sdf/group/beamphysics/jytang/genesis/CBXFEL/cavity_codes/dfl_cbxfel_stats.py", line 551, in <module>
Traceback (most recent call last):
  File "/sdf/group/beamphysics/jytang/genesis/CBXFEL/cavity_codes/dfl_cbxfel_stats.py", line 551, in <module>
    params_dic = pickle.load( open( "params.p", "rb" ) )        
FileNotFoundError: [Errno 2] No such file or directory: 'params.p'
Traceback (most recent call last):
  File "/sdf/group/beamphysics/jytang/genesis/CBXFEL/cavity_codes/dfl_cbxfel_stats.py", line 551, in <module>
Traceback (most recent call last):
  File "/sdf/group/beamphysics/jytang/genesis/CBXFEL/cavity_codes/dfl_cbxfel_stats.py", line 551, in <module>
Traceback (most recent call last):
  File "/sdf/group/beamphysics/jytang/genesis/CBXFEL/cavity_codes/dfl_cbxfel_stats.py", line 551, in <module>
Traceback (most recent call last):
  File "/sdf/group/beamphysics/jytang/genesis/CBXFEL/cavity_codes/dfl_cbxfel_stats.py", line 551, in <module>
Traceback (most recent call last):
  File "/sdf/group/beamphysics/jytang/genesis/CBXFEL/cavity_codes/dfl_cbxfel_stats.py", line 551, in <module>
Traceback (most recent call last):
  File "/sdf/group/beamphysics/jytang/genesis/CBXFEL/cavity_codes/dfl_cbxfel_stats.py", line 551, in <module>
Traceback (most recent call last):
  File "/sdf/group/beamphysics/jytang/genesis/CBXFEL/cavity_codes/dfl_cbxfel_stats.py", line 551, in <module>
Traceback (most recent call last):
  File "/sdf/group/beamphysics/jytang/genesis/CBXFEL/cavity_codes/dfl_cbxfel_stats.py", line 551, in <module>
Traceback (most recent call last):
  File "/sdf/group/beamphysics/jytang/genesis/CBXFEL/cavity_codes/dfl_cbxfel_stats.py", line 551, in <module>
Traceback (most recent call last):
  File "/sdf/group/beamphysics/jytang/genesis/CBXFEL/cavity_codes/dfl_cbxfel_stats.py", line 551, in <module>
Traceback (most recent call last):
  File "/sdf/group/beamphysics/jytang/genesis/CBXFEL/cavity_codes/dfl_cbxfel_stats.py", line 551, in <module>
    params_dic = pickle.load( open( "params.p", "rb" ) )        
FileNotFoundError: [Errno 2] No such file or directory: 'params.p'
    params_dic = pickle.load( open( "params.p", "rb" ) )        
FileNotFoundError: [Errno 2] No such file or directory: 'params.p'
    params_dic = pickle.load( open( "params.p", "rb" ) )        
FileNotFoundError: [Errno 2] No such file or directory: 'params.p'
Traceback (most recent call last):
  File "/sdf/group/beamphysics/jytang/genesis/CBXFEL/cavity_codes/dfl_cbxfel_stats.py", line 551, in <module>
Traceback (most recent call last):
  File "/sdf/group/beamphysics/jytang/genesis/CBXFEL/cavity_codes/dfl_cbxfel_stats.py", line 551, in <module>
Traceback (most recent call last):
  File "/sdf/group/beamphysics/jytang/genesis/CBXFEL/cavity_codes/dfl_cbxfel_stats.py", line 551, in <module>
Traceback (most recent call last):
  File "/sdf/group/beamphysics/jytang/genesis/CBXFEL/cavity_codes/dfl_cbxfel_stats.py", line 551, in <module>
Traceback (most recent call last):
  File "/sdf/group/beamphysics/jytang/genesis/CBXFEL/cavity_codes/dfl_cbxfel_stats.py", line 551, in <module>
Traceback (most recent call last):
  File "/sdf/group/beamphysics/jytang/genesis/CBXFEL/cavity_codes/dfl_cbxfel_stats.py", line 551, in <module>
Traceback (most recent call last):
  File "/sdf/group/beamphysics/jytang/genesis/CBXFEL/cavity_codes/dfl_cbxfel_stats.py", line 551, in <module>
    params_dic = pickle.load( open( "params.p", "rb" ) )        
FileNotFoundError: [Errno 2] No such file or directory: 'params.p'
Traceback (most recent call last):
  File "/sdf/group/beamphysics/jytang/genesis/CBXFEL/cavity_codes/dfl_cbxfel_stats.py", line 551, in <module>
Traceback (most recent call last):
  File "/sdf/group/beamphysics/jytang/genesis/CBXFEL/cavity_codes/dfl_cbxfel_stats.py", line 551, in <module>
Traceback (most recent call last):
  File "/sdf/group/beamphysics/jytang/genesis/CBXFEL/cavity_codes/dfl_cbxfel_stats.py", line 551, in <module>
    params_dic = pickle.load( open( "params.p", "rb" ) )        
FileNotFoundError: [Errno 2] No such file or directory: 'params.p'
    params_dic = pickle.load( open( "params.p", "rb" ) )        
FileNotFoundError: [Errno 2] No such file or directory: 'params.p'
    params_dic = pickle.load( open( "params.p", "rb" ) )        
FileNotFoundError: [Errno 2] No such file or directory: 'params.p'
Traceback (most recent call last):
  File "/sdf/group/beamphysics/jytang/genesis/CBXFEL/cavity_codes/dfl_cbxfel_stats.py", line 551, in <module>
    params_dic = pickle.load( open( "params.p", "rb" ) )        
FileNotFoundError: [Errno 2] No such file or directory: 'params.p'
    params_dic = pickle.load( open( "params.p", "rb" ) )        
FileNotFoundError: [Errno 2] No such file or directory: 'params.p'
Traceback (most recent call last):
  File "/sdf/group/beamphysics/jytang/genesis/CBXFEL/cavity_codes/dfl_cbxfel_stats.py", line 551, in <module>
    params_dic = pickle.load( open( "params.p", "rb" ) )        
FileNotFoundError: [Errno 2] No such file or directory: 'params.p'
    params_dic = pickle.load( open( "params.p", "rb" ) )        
FileNotFoundError: [Errno 2] No such file or directory: 'params.p'
    params_dic = pickle.load( open( "params.p", "rb" ) )        
FileNotFoundError: [Errno 2] No such file or directory: 'params.p'
    params_dic = pickle.load( open( "params.p", "rb" ) )        
FileNotFoundError: [Errno 2] No such file or directory: 'params.p'
    params_dic = pickle.load( open( "params.p", "rb" ) )        
FileNotFoundError: [Errno 2] No such file or directory: 'params.p'
    params_dic = pickle.load( open( "params.p", "rb" ) )        
FileNotFoundError: [Errno 2] No such file or directory: 'params.p'
    params_dic = pickle.load( open( "params.p", "rb" ) )        
FileNotFoundError: [Errno 2] No such file or directory: 'params.p'
    params_dic = pickle.load( open( "params.p", "rb" ) )        
FileNotFoundError: [Errno 2] No such file or directory: 'params.p'
    params_dic = pickle.load( open( "params.p", "rb" ) )        
FileNotFoundError: [Errno 2] No such file or directory: 'params.p'
    params_dic = pickle.load( open( "params.p", "rb" ) )        
FileNotFoundError: [Errno 2] No such file or directory: 'params.p'
    params_dic = pickle.load( open( "params.p", "rb" ) )        
FileNotFoundError: [Errno 2] No such file or directory: 'params.p'
Traceback (most recent call last):
  File "/sdf/group/beamphysics/jytang/genesis/CBXFEL/cavity_codes/dfl_cbxfel_stats.py", line 551, in <module>
    params_dic = pickle.load( open( "params.p", "rb" ) )        
FileNotFoundError: [Errno 2] No such file or directory: 'params.p'
    params_dic = pickle.load( open( "params.p", "rb" ) )        
FileNotFoundError: [Errno 2] No such file or directory: 'params.p'
Traceback (most recent call last):
  File "/sdf/group/beamphysics/jytang/genesis/CBXFEL/cavity_codes/dfl_cbxfel_stats.py", line 551, in <module>
Traceback (most recent call last):
  File "/sdf/group/beamphysics/jytang/genesis/CBXFEL/cavity_codes/dfl_cbxfel_stats.py", line 551, in <module>
Traceback (most recent call last):
  File "/sdf/group/beamphysics/jytang/genesis/CBXFEL/cavity_codes/dfl_cbxfel_stats.py", line 551, in <module>
Traceback (most recent call last):
  File "/sdf/group/beamphysics/jytang/genesis/CBXFEL/cavity_codes/dfl_cbxfel_stats.py", line 551, in <module>
Traceback (most recent call last):
  File "/sdf/group/beamphysics/jytang/genesis/CBXFEL/cavity_codes/dfl_cbxfel_stats.py", line 551, in <module>
Traceback (most recent call last):
  File "/sdf/group/beamphysics/jytang/genesis/CBXFEL/cavity_codes/dfl_cbxfel_stats.py", line 551, in <module>
Traceback (most recent call last):
  File "/sdf/group/beamphysics/jytang/genesis/CBXFEL/cavity_codes/dfl_cbxfel_stats.py", line 551, in <module>
    params_dic = pickle.load( open( "params.p", "rb" ) )        
FileNotFoundError: [Errno 2] No such file or directory: 'params.p'
Traceback (most recent call last):
  File "/sdf/group/beamphysics/jytang/genesis/CBXFEL/cavity_codes/dfl_cbxfel_stats.py", line 551, in <module>
    params_dic = pickle.load( open( "params.p", "rb" ) )        
FileNotFoundError: [Errno 2] No such file or directory: 'params.p'
Traceback (most recent call last):
  File "/sdf/group/beamphysics/jytang/genesis/CBXFEL/cavity_codes/dfl_cbxfel_stats.py", line 551, in <module>
    params_dic = pickle.load( open( "params.p", "rb" ) )        
FileNotFoundError: [Errno 2] No such file or directory: 'params.p'
Traceback (most recent call last):
  File "/sdf/group/beamphysics/jytang/genesis/CBXFEL/cavity_codes/dfl_cbxfel_stats.py", line 551, in <module>
    params_dic = pickle.load( open( "params.p", "rb" ) )        
FileNotFoundError: [Errno 2] No such file or directory: 'params.p'
    params_dic = pickle.load( open( "params.p", "rb" ) )        
FileNotFoundError: [Errno 2] No such file or directory: 'params.p'
    params_dic = pickle.load( open( "params.p", "rb" ) )        
FileNotFoundError: [Errno 2] No such file or directory: 'params.p'
Traceback (most recent call last):
  File "/sdf/group/beamphysics/jytang/genesis/CBXFEL/cavity_codes/dfl_cbxfel_stats.py", line 551, in <module>
    params_dic = pickle.load( open( "params.p", "rb" ) )        
FileNotFoundError: [Errno 2] No such file or directory: 'params.p'
    params_dic = pickle.load( open( "params.p", "rb" ) )        
FileNotFoundError: [Errno 2] No such file or directory: 'params.p'
    params_dic = pickle.load( open( "params.p", "rb" ) )        
FileNotFoundError: [Errno 2] No such file or directory: 'params.p'
Traceback (most recent call last):
  File "/sdf/group/beamphysics/jytang/genesis/CBXFEL/cavity_codes/dfl_cbxfel_stats.py", line 551, in <module>
    params_dic = pickle.load( open( "params.p", "rb" ) )        
FileNotFoundError: [Errno 2] No such file or directory: 'params.p'
Traceback (most recent call last):
  File "/sdf/group/beamphysics/jytang/genesis/CBXFEL/cavity_codes/dfl_cbxfel_stats.py", line 551, in <module>
    params_dic = pickle.load( open( "params.p", "rb" ) )        
Traceback (most recent call last):
  File "/sdf/group/beamphysics/jytang/genesis/CBXFEL/cavity_codes/dfl_cbxfel_stats.py", line 551, in <module>
FileNotFoundError: [Errno 2] No such file or directory: 'params.p'
    params_dic = pickle.load( open( "params.p", "rb" ) )        
FileNotFoundError: [Errno 2] No such file or directory: 'params.p'
    params_dic = pickle.load( open( "params.p", "rb" ) )        
FileNotFoundError: [Errno 2] No such file or directory: 'params.p'
    params_dic = pickle.load( open( "params.p", "rb" ) )        
FileNotFoundError: [Errno 2] No such file or directory: 'params.p'
    params_dic = pickle.load( open( "params.p", "rb" ) )        
    params_dic = pickle.load( open( "params.p", "rb" ) )        
FileNotFoundError: [Errno 2] No such file or directory: 'params.p'
FileNotFoundError: [Errno 2] No such file or directory: 'params.p'
Traceback (most recent call last):
  File "/sdf/group/beamphysics/jytang/genesis/CBXFEL/cavity_codes/dfl_cbxfel_stats.py", line 551, in <module>
Traceback (most recent call last):
  File "/sdf/group/beamphysics/jytang/genesis/CBXFEL/cavity_codes/dfl_cbxfel_stats.py", line 551, in <module>
    params_dic = pickle.load( open( "params.p", "rb" ) )        
FileNotFoundError: [Errno 2] No such file or directory: 'params.p'
    params_dic = pickle.load( open( "params.p", "rb" ) )        
FileNotFoundError: [Errno 2] No such file or directory: 'params.p'
    params_dic = pickle.load( open( "params.p", "rb" ) )        
Traceback (most recent call last):
  File "/sdf/group/beamphysics/jytang/genesis/CBXFEL/cavity_codes/dfl_cbxfel_stats.py", line 551, in <module>
    params_dic = pickle.load( open( "params.p", "rb" ) )        
FileNotFoundError: [Errno 2] No such file or directory: 'params.p'
FileNotFoundError: [Errno 2] No such file or directory: 'params.p'
Traceback (most recent call last):
  File "/sdf/group/beamphysics/jytang/genesis/CBXFEL/cavity_codes/dfl_cbxfel_stats.py", line 551, in <module>
Traceback (most recent call last):
  File "/sdf/group/beamphysics/jytang/genesis/CBXFEL/cavity_codes/dfl_cbxfel_stats.py", line 551, in <module>
    params_dic = pickle.load( open( "params.p", "rb" ) )        
FileNotFoundError: [Errno 2] No such file or directory: 'params.p'
    params_dic = pickle.load( open( "params.p", "rb" ) )        
FileNotFoundError: [Errno 2] No such file or directory: 'params.p'
    params_dic = pickle.load( open( "params.p", "rb" ) )        
FileNotFoundError: [Errno 2] No such file or directory: 'params.p'
Traceback (most recent call last):
  File "/sdf/group/beamphysics/jytang/genesis/CBXFEL/cavity_codes/dfl_cbxfel_stats.py", line 551, in <module>
    params_dic = pickle.load( open( "params.p", "rb" ) )        
FileNotFoundError: [Errno 2] No such file or directory: 'params.p'
Traceback (most recent call last):
  File "/sdf/group/beamphysics/jytang/genesis/CBXFEL/cavity_codes/dfl_cbxfel_stats.py", line 551, in <module>
    params_dic = pickle.load( open( "params.p", "rb" ) )        
FileNotFoundError: [Errno 2] No such file or directory: 'params.p'
    params_dic = pickle.load( open( "params.p", "rb" ) )        
FileNotFoundError: [Errno 2] No such file or directory: 'params.p'
Traceback (most recent call last):
  File "/sdf/group/beamphysics/jytang/genesis/CBXFEL/cavity_codes/dfl_cbxfel_stats.py", line 551, in <module>
    params_dic = pickle.load( open( "params.p", "rb" ) )        
FileNotFoundError: [Errno 2] No such file or directory: 'params.p'
    params_dic = pickle.load( open( "params.p", "rb" ) )        
FileNotFoundError: [Errno 2] No such file or directory: 'params.p'
    params_dic = pickle.load( open( "params.p", "rb" ) )        
FileNotFoundError: [Errno 2] No such file or directory: 'params.p'
    params_dic = pickle.load( open( "params.p", "rb" ) )        
FileNotFoundError: [Errno 2] No such file or directory: 'params.p'
    params_dic = pickle.load( open( "params.p", "rb" ) )        
FileNotFoundError: [Errno 2] No such file or directory: 'params.p'
    params_dic = pickle.load( open( "params.p", "rb" ) )        
FileNotFoundError: [Errno 2] No such file or directory: 'params.p'
    params_dic = pickle.load( open( "params.p", "rb" ) )        
    params_dic = pickle.load( open( "params.p", "rb" ) )        
FileNotFoundError: [Errno 2] No such file or directory: 'params.p'
    params_dic = pickle.load( open( "params.p", "rb" ) )        
FileNotFoundError: [Errno 2] No such file or directory: 'params.p'
    params_dic = pickle.load( open( "params.p", "rb" ) )        
FileNotFoundError: [Errno 2] No such file or directory: 'params.p'
    params_dic = pickle.load( open( "params.p", "rb" ) )        
FileNotFoundError: [Errno 2] No such file or directory: 'params.p'
    params_dic = pickle.load( open( "params.p", "rb" ) )        
FileNotFoundError: [Errno 2] No such file or directory: 'params.p'
    params_dic = pickle.load( open( "params.p", "rb" ) )        
FileNotFoundError: [Errno 2] No such file or directory: 'params.p'
    params_dic = pickle.load( open( "params.p", "rb" ) )        
FileNotFoundError: [Errno 2] No such file or directory: 'params.p'
    params_dic = pickle.load( open( "params.p", "rb" ) )        
FileNotFoundError: [Errno 2] No such file or directory: 'params.p'
    params_dic = pickle.load( open( "params.p", "rb" ) )        
FileNotFoundError: [Errno 2] No such file or directory: 'params.p'
    params_dic = pickle.load( open( "params.p", "rb" ) )        
FileNotFoundError: [Errno 2] No such file or directory: 'params.p'
    params_dic = pickle.load( open( "params.p", "rb" ) )        
FileNotFoundError: [Errno 2] No such file or directory: 'params.p'
FileNotFoundError: [Errno 2] No such file or directory: 'params.p'
Traceback (most recent call last):
Traceback (most recent call last):
  File "/sdf/group/beamphysics/jytang/genesis/CBXFEL/cavity_codes/dfl_cbxfel_stats.py", line 551, in <module>
  File "/sdf/group/beamphysics/jytang/genesis/CBXFEL/cavity_codes/dfl_cbxfel_stats.py", line 551, in <module>
    params_dic = pickle.load( open( "params.p", "rb" ) )        
FileNotFoundError: [Errno 2] No such file or directory: 'params.p'
    params_dic = pickle.load( open( "params.p", "rb" ) )        
FileNotFoundError: [Errno 2] No such file or directory: 'params.p'
    params_dic = pickle.load( open( "params.p", "rb" ) )        
FileNotFoundError: [Errno 2] No such file or directory: 'params.p'
    params_dic = pickle.load( open( "params.p", "rb" ) )        
FileNotFoundError: [Errno 2] No such file or directory: 'params.p'
    params_dic = pickle.load( open( "params.p", "rb" ) )        
FileNotFoundError: [Errno 2] No such file or directory: 'params.p'
    params_dic = pickle.load( open( "params.p", "rb" ) )        
    params_dic = pickle.load( open( "params.p", "rb" ) )        
    params_dic = pickle.load( open( "params.p", "rb" ) )        
FileNotFoundError: [Errno 2] No such file or directory: 'params.p'
FileNotFoundError: [Errno 2] No such file or directory: 'params.p'
FileNotFoundError: [Errno 2] No such file or directory: 'params.p'
    params_dic = pickle.load( open( "params.p", "rb" ) )        
FileNotFoundError: [Errno 2] No such file or directory: 'params.p'
    params_dic = pickle.load( open( "params.p", "rb" ) )        
FileNotFoundError: [Errno 2] No such file or directory: 'params.p'
    params_dic = pickle.load( open( "params.p", "rb" ) )        
FileNotFoundError: [Errno 2] No such file or directory: 'params.p'
    params_dic = pickle.load( open( "params.p", "rb" ) )        
FileNotFoundError: [Errno 2] No such file or directory: 'params.p'
    params_dic = pickle.load( open( "params.p", "rb" ) )        
FileNotFoundError: [Errno 2] No such file or directory: 'params.p'
    params_dic = pickle.load( open( "params.p", "rb" ) )        
FileNotFoundError: [Errno 2] No such file or directory: 'params.p'
    params_dic = pickle.load( open( "params.p", "rb" ) )        
FileNotFoundError: [Errno 2] No such file or directory: 'params.p'
    params_dic = pickle.load( open( "params.p", "rb" ) )        
FileNotFoundError: [Errno 2] No such file or directory: 'params.p'
    params_dic = pickle.load( open( "params.p", "rb" ) )        
FileNotFoundError: [Errno 2] No such file or directory: 'params.p'
    params_dic = pickle.load( open( "params.p", "rb" ) )        
FileNotFoundError: [Errno 2] No such file or directory: 'params.p'
    params_dic = pickle.load( open( "params.p", "rb" ) )        
FileNotFoundError: [Errno 2] No such file or directory: 'params.p'
    params_dic = pickle.load( open( "params.p", "rb" ) )        
FileNotFoundError: [Errno 2] No such file or directory: 'params.p'
    params_dic = pickle.load( open( "params.p", "rb" ) )        
FileNotFoundError: [Errno 2] No such file or directory: 'params.p'
    params_dic = pickle.load( open( "params.p", "rb" ) )        
FileNotFoundError: [Errno 2] No such file or directory: 'params.p'
    params_dic = pickle.load( open( "params.p", "rb" ) )        
FileNotFoundError: [Errno 2] No such file or directory: 'params.p'
    params_dic = pickle.load( open( "params.p", "rb" ) )        
FileNotFoundError: [Errno 2] No such file or directory: 'params.p'
    params_dic = pickle.load( open( "params.p", "rb" ) )        
FileNotFoundError: [Errno 2] No such file or directory: 'params.p'
    params_dic = pickle.load( open( "params.p", "rb" ) )        
FileNotFoundError: [Errno 2] No such file or directory: 'params.p'
    params_dic = pickle.load( open( "params.p", "rb" ) )        
FileNotFoundError: [Errno 2] No such file or directory: 'params.p'
    params_dic = pickle.load( open( "params.p", "rb" ) )        
FileNotFoundError: [Errno 2] No such file or directory: 'params.p'
    params_dic = pickle.load( open( "params.p", "rb" ) )        
FileNotFoundError: [Errno 2] No such file or directory: 'params.p'
    params_dic = pickle.load( open( "params.p", "rb" ) )        
FileNotFoundError: [Errno 2] No such file or directory: 'params.p'
    params_dic = pickle.load( open( "params.p", "rb" ) )        
    params_dic = pickle.load( open( "params.p", "rb" ) )        
FileNotFoundError: [Errno 2] No such file or directory: 'params.p'
FileNotFoundError: [Errno 2] No such file or directory: 'params.p'
    params_dic = pickle.load( open( "params.p", "rb" ) )        
FileNotFoundError: [Errno 2] No such file or directory: 'params.p'
    params_dic = pickle.load( open( "params.p", "rb" ) )        
FileNotFoundError: [Errno 2] No such file or directory: 'params.p'
    params_dic = pickle.load( open( "params.p", "rb" ) )        
FileNotFoundError: [Errno 2] No such file or directory: 'params.p'
    params_dic = pickle.load( open( "params.p", "rb" ) )        
FileNotFoundError: [Errno 2] No such file or directory: 'params.p'
    params_dic = pickle.load( open( "params.p", "rb" ) )        
FileNotFoundError: [Errno 2] No such file or directory: 'params.p'
    params_dic = pickle.load( open( "params.p", "rb" ) )        
FileNotFoundError: [Errno 2] No such file or directory: 'params.p'
    params_dic = pickle.load( open( "params.p", "rb" ) )        
FileNotFoundError: [Errno 2] No such file or directory: 'params.p'
    params_dic = pickle.load( open( "params.p", "rb" ) )        
FileNotFoundError: [Errno 2] No such file or directory: 'params.p'
    params_dic = pickle.load( open( "params.p", "rb" ) )        
FileNotFoundError: [Errno 2] No such file or directory: 'params.p'
    params_dic = pickle.load( open( "params.p", "rb" ) )        
FileNotFoundError: [Errno 2] No such file or directory: 'params.p'
    params_dic = pickle.load( open( "params.p", "rb" ) )        
FileNotFoundError: [Errno 2] No such file or directory: 'params.p'
    params_dic = pickle.load( open( "params.p", "rb" ) )        
FileNotFoundError: [Errno 2] No such file or directory: 'params.p'
    params_dic = pickle.load( open( "params.p", "rb" ) )        
    params_dic = pickle.load( open( "params.p", "rb" ) )        
FileNotFoundError: [Errno 2] No such file or directory: 'params.p'
    params_dic = pickle.load( open( "params.p", "rb" ) )        
FileNotFoundError: [Errno 2] No such file or directory: 'params.p'
    params_dic = pickle.load( open( "params.p", "rb" ) )        
FileNotFoundError: [Errno 2] No such file or directory: 'params.p'
FileNotFoundError: [Errno 2] No such file or directory: 'params.p'
--------------------------------------------------------------------------
Primary job  terminated normally, but 1 process returned
a non-zero exit code. Per user-direction, the job has been aborted.
--------------------------------------------------------------------------
--------------------------------------------------------------------------
mpirun detected that one or more processes exited with non-zero status, thus causing
the job to be terminated. The first process to do so was:

  Process name: [[43766,1],104]
  Exit code:    1
--------------------------------------------------------------------------
